<?xml version="1.0" encoding="UTF-8"?>
<!-- Generated by org.testng.reporters.JUnitReportReporter -->
<testsuite hostname="thinkpad12g" failures="0" tests="6" name="MyTestCases" time="22.462" errors="0" timestamp="2024-03-30T16:12:37 EET" skipped="0">
  <testcase classname="MyTestCases" name="testFormSubmission" time="3.652"/>
  <system-out/>
  <testcase classname="MyTestCases" name="testFormSubmission" time="3.697"/>
  <system-out/>
  <testcase classname="MyTestCases" name="testFormSubmission" time="3.710"/>
  <system-out/>
  <testcase classname="MyTestCases" name="testFormSubmission" time="3.735"/>
  <system-out/>
  <testcase classname="MyTestCases" name="testFormSubmission" time="3.782"/>
  <system-out/>
  <testcase classname="MyTestCases" name="testFormSubmission" time="3.886"/>
  <system-out/>
</testsuite> <!-- MyTestCases -->
